<?xml version="1.0" encoding="UTF-8"?>
<robot generator="Robot 7.1 (Python 3.12.3 on linux)" generated="2024-10-06T14:59:56.536494" rpa="false" schemaversion="5">
<suite id="s1" name="Calculadora Tests" source="/var/www/html/CalculatorPHPTests/robot-tests/calculadora_tests.robot">
<test id="s1-t1" name="Testar Adicao Com Valores Positivos" line="9">
<kw name="Open Browser" owner="SeleniumLibrary">
<msg time="2024-10-06T14:59:56.646042" level="WARN">exexcutable_path is being deprecated. Please use service to configure the driver's executable_path as per documentation.</msg>
<msg time="2024-10-06T14:59:56.646184" level="INFO">Opening browser 'chrome' to base url 'http://localhost/CalculatorPHPTests/src/index.php'.</msg>
<arg>${URL}</arg>
<arg>chrome</arg>
<arg>executable_path=${CHROMEDRIVER_PATH}</arg>
<doc>Opens a new browser instance to the optional ``url``.</doc>
<status status="PASS" start="2024-10-06T14:59:56.645766" elapsed="9.722004"/>
</kw>
<kw name="Input Text" owner="SeleniumLibrary">
<msg time="2024-10-06T15:00:06.368826" level="INFO">Typing text '80' into text field 'name=num1'.</msg>
<arg>name=num1</arg>
<arg>80</arg>
<doc>Types the given ``text`` into the text field identified by ``locator``.</doc>
<status status="PASS" start="2024-10-06T15:00:06.368226" elapsed="0.109078"/>
</kw>
<kw name="Input Text" owner="SeleniumLibrary">
<msg time="2024-10-06T15:00:06.477764" level="INFO">Typing text '4' into text field 'name=num2'.</msg>
<arg>name=num2</arg>
<arg>4</arg>
<doc>Types the given ``text`` into the text field identified by ``locator``.</doc>
<status status="PASS" start="2024-10-06T15:00:06.477540" elapsed="0.107850"/>
</kw>
<kw name="Select From List By Value" owner="SeleniumLibrary">
<msg time="2024-10-06T15:00:06.586150" level="INFO">Selecting options from selection list 'name=operation' by value add.</msg>
<arg>name=operation</arg>
<arg>add</arg>
<doc>Selects options from selection list ``locator`` by ``values``.</doc>
<status status="PASS" start="2024-10-06T15:00:06.585786" elapsed="0.081093"/>
</kw>
<kw name="Click Button" owner="SeleniumLibrary">
<msg time="2024-10-06T15:00:06.667330" level="INFO">Clicking button 'xpath=//button[text()='Calcular']'.</msg>
<arg>xpath=//button[text()='Calcular']</arg>
<doc>Clicks the button identified by ``locator``.</doc>
<status status="PASS" start="2024-10-06T15:00:06.667113" elapsed="0.155433"/>
</kw>
<kw name="Wait Until Page Contains Element" owner="SeleniumLibrary">
<arg>xpath=//h3[contains(@class, "resultado")]</arg>
<arg>timeout=30</arg>
<doc>Waits until the element ``locator`` appears on the current page.</doc>
<status status="PASS" start="2024-10-06T15:00:06.822755" elapsed="0.013086"/>
</kw>
<kw name="Get Text" owner="SeleniumLibrary">
<msg time="2024-10-06T15:00:06.856922" level="INFO">${resultado} = Resultado: 84</msg>
<var>${resultado}</var>
<arg>xpath=//h3[contains(@class, "resultado")]</arg>
<doc>Returns the text value of the element identified by ``locator``.</doc>
<status status="PASS" start="2024-10-06T15:00:06.836077" elapsed="0.020909"/>
</kw>
<kw name="Should Contain" owner="BuiltIn">
<arg>${resultado}</arg>
<arg>Resultado: 84</arg>
<doc>Fails if ``container`` does not contain ``item`` one or more times.</doc>
<status status="PASS" start="2024-10-06T15:00:06.857295" elapsed="0.000325"/>
</kw>
<kw name="Close Browser" owner="SeleniumLibrary">
<doc>Closes the current browser.</doc>
<status status="PASS" start="2024-10-06T15:00:06.857898" elapsed="0.801794"/>
</kw>
<doc>Testar a funcionalidade de adição com valores positivos na calculadora</doc>
<status status="PASS" start="2024-10-06T14:59:56.644606" elapsed="11.016116"/>
</test>
<test id="s1-t2" name="Testar Subtracao Com Valores Positivos" line="22">
<kw name="Open Browser" owner="SeleniumLibrary">
<msg time="2024-10-06T15:00:07.666064" level="WARN">exexcutable_path is being deprecated. Please use service to configure the driver's executable_path as per documentation.</msg>
<msg time="2024-10-06T15:00:07.666829" level="INFO">Opening browser 'chrome' to base url 'http://localhost/CalculatorPHPTests/src/index.php'.</msg>
<arg>${URL}</arg>
<arg>chrome</arg>
<arg>executable_path=${CHROMEDRIVER_PATH}</arg>
<doc>Opens a new browser instance to the optional ``url``.</doc>
<status status="PASS" start="2024-10-06T15:00:07.664500" elapsed="10.137247"/>
</kw>
<kw name="Input Text" owner="SeleniumLibrary">
<msg time="2024-10-06T15:00:17.802363" level="INFO">Typing text '100' into text field 'name=num1'.</msg>
<arg>name=num1</arg>
<arg>100</arg>
<doc>Types the given ``text`` into the text field identified by ``locator``.</doc>
<status status="PASS" start="2024-10-06T15:00:17.802059" elapsed="0.095342"/>
</kw>
<kw name="Input Text" owner="SeleniumLibrary">
<msg time="2024-10-06T15:00:17.899213" level="INFO">Typing text '50' into text field 'name=num2'.</msg>
<arg>name=num2</arg>
<arg>50</arg>
<doc>Types the given ``text`` into the text field identified by ``locator``.</doc>
<status status="PASS" start="2024-10-06T15:00:17.898266" elapsed="0.100749"/>
</kw>
<kw name="Select From List By Value" owner="SeleniumLibrary">
<msg time="2024-10-06T15:00:17.999525" level="INFO">Selecting options from selection list 'name=operation' by value subtract.</msg>
<arg>name=operation</arg>
<arg>subtract</arg>
<doc>Selects options from selection list ``locator`` by ``values``.</doc>
<status status="PASS" start="2024-10-06T15:00:17.999280" elapsed="0.082106"/>
</kw>
<kw name="Click Button" owner="SeleniumLibrary">
<msg time="2024-10-06T15:00:18.081756" level="INFO">Clicking button 'xpath=//button[text()='Calcular']'.</msg>
<arg>xpath=//button[text()='Calcular']</arg>
<doc>Clicks the button identified by ``locator``.</doc>
<status status="PASS" start="2024-10-06T15:00:18.081587" elapsed="0.085493"/>
</kw>
<kw name="Wait Until Page Contains Element" owner="SeleniumLibrary">
<arg>xpath=//h3[contains(@class, "resultado")]</arg>
<arg>timeout=30</arg>
<doc>Waits until the element ``locator`` appears on the current page.</doc>
<status status="PASS" start="2024-10-06T15:00:18.167281" elapsed="0.012012"/>
</kw>
<kw name="Get Text" owner="SeleniumLibrary">
<msg time="2024-10-06T15:00:18.201028" level="INFO">${resultado} = Resultado: 50</msg>
<var>${resultado}</var>
<arg>xpath=//h3[contains(@class, "resultado")]</arg>
<doc>Returns the text value of the element identified by ``locator``.</doc>
<status status="PASS" start="2024-10-06T15:00:18.179765" elapsed="0.021326"/>
</kw>
<kw name="Should Contain" owner="BuiltIn">
<arg>${resultado}</arg>
<arg>Resultado: 50</arg>
<doc>Fails if ``container`` does not contain ``item`` one or more times.</doc>
<status status="PASS" start="2024-10-06T15:00:18.201375" elapsed="0.000278"/>
</kw>
<kw name="Close Browser" owner="SeleniumLibrary">
<doc>Closes the current browser.</doc>
<status status="PASS" start="2024-10-06T15:00:18.201867" elapsed="0.876858"/>
</kw>
<doc>Testar a funcionalidade de subtração com valores positivos na calculadora</doc>
<status status="PASS" start="2024-10-06T15:00:07.662150" elapsed="11.417596"/>
</test>
<test id="s1-t3" name="Testar Divisao Com Zero" line="35">
<kw name="Open Browser" owner="SeleniumLibrary">
<msg time="2024-10-06T15:00:19.083495" level="WARN">exexcutable_path is being deprecated. Please use service to configure the driver's executable_path as per documentation.</msg>
<msg time="2024-10-06T15:00:19.084117" level="INFO">Opening browser 'chrome' to base url 'http://localhost/CalculatorPHPTests/src/index.php'.</msg>
<arg>${URL}</arg>
<arg>chrome</arg>
<arg>executable_path=${CHROMEDRIVER_PATH}</arg>
<doc>Opens a new browser instance to the optional ``url``.</doc>
<status status="PASS" start="2024-10-06T15:00:19.082468" elapsed="1.877207"/>
</kw>
<kw name="Input Text" owner="SeleniumLibrary">
<msg time="2024-10-06T15:00:20.960362" level="INFO">Typing text '10' into text field 'name=num1'.</msg>
<msg time="2024-10-06T15:00:20.970817" level="WARN">Keyword 'Capture Page Screenshot' could not be run on failure: Message: no such window: target window already closed
from unknown error: web view not found
  (Session info: chrome=129.0.6668.89)
Stacktrace:
#0 0x5d2309b5702a &lt;unknown&gt;
#1 0x5d230983d5e0 &lt;unknown&gt;
#2 0x5d23098131af &lt;unknown&gt;
#3 0x5d23098ba03d &lt;unknown&gt;
#4 0x5d23098d0629 &lt;unknown&gt;
#5 0x5d23098b18c3 &lt;unknown&gt;
#6 0x5d230987f6b3 &lt;unknown&gt;
#7 0x5d230988068e &lt;unknown&gt;
#8 0x5d2309b21a2b &lt;unknown&gt;
#9 0x5d2309b259b1 &lt;unknown&gt;
#10 0x5d2309b0e225 &lt;unknown&gt;
#11 0x5d2309b26532 &lt;unknown&gt;
#12 0x5d2309af338f &lt;unknown&gt;
#13 0x5d2309b45f28 &lt;unknown&gt;
#14 0x5d2309b460f3 &lt;unknown&gt;
#15 0x5d2309b55e7c &lt;unknown&gt;
#16 0x713cf669ca94 &lt;unknown&gt;
#17 0x713cf6729c3c &lt;unknown&gt;
</msg>
<msg time="2024-10-06T15:00:20.971275" level="FAIL">NoSuchWindowException: Message: no such window: target window already closed
from unknown error: web view not found
  (Session info: chrome=129.0.6668.89)
Stacktrace:
#0 0x5d2309b5702a &lt;unknown&gt;
#1 0x5d230983d5e0 &lt;unknown&gt;
#2 0x5d23098131af &lt;unknown&gt;
#3 0x5d23098ba03d &lt;unknown&gt;
#4 0x5d23098d0629 &lt;unknown&gt;
#5 0x5d23098b18c3 &lt;unknown&gt;
#6 0x5d230987f6b3 &lt;unknown&gt;
#7 0x5d230988068e &lt;unknown&gt;
#8 0x5d2309b21a2b &lt;unknown&gt;
#9 0x5d2309b259b1 &lt;unknown&gt;
#10 0x5d2309b0e225 &lt;unknown&gt;
#11 0x5d2309b26532 &lt;unknown&gt;
#12 0x5d2309af338f &lt;unknown&gt;
#13 0x5d2309b45f28 &lt;unknown&gt;
#14 0x5d2309b460f3 &lt;unknown&gt;
#15 0x5d2309b55e7c &lt;unknown&gt;
#16 0x713cf669ca94 &lt;unknown&gt;
#17 0x713cf6729c3c &lt;unknown&gt;
</msg>
<arg>name=num1</arg>
<arg>10</arg>
<doc>Types the given ``text`` into the text field identified by ``locator``.</doc>
<status status="FAIL" start="2024-10-06T15:00:20.960046" elapsed="0.014062">NoSuchWindowException: Message: no such window: target window already closed
from unknown error: web view not found
  (Session info: chrome=129.0.6668.89)
Stacktrace:
#0 0x5d2309b5702a &lt;unknown&gt;
#1 0x5d230983d5e0 &lt;unknown&gt;
#2 0x5d23098131af &lt;unknown&gt;
#3 0x5d23098ba03d &lt;unknown&gt;
#4 0x5d23098d0629 &lt;unknown&gt;
#5 0x5d23098b18c3 &lt;unknown&gt;
#6 0x5d230987f6b3 &lt;unknown&gt;
#7 0x5d230988068e &lt;unknown&gt;
#8 0x5d2309b21a2b &lt;unknown&gt;
#9 0x5d2309b259b1 &lt;unknown&gt;
#10 0x5d2309b0e225 &lt;unknown&gt;
#11 0x5d2309b26532 &lt;unknown&gt;
#12 0x5d2309af338f &lt;unknown&gt;
#13 0x5d2309b45f28 &lt;unknown&gt;
#14 0x5d2309b460f3 &lt;unknown&gt;
#15 0x5d2309b55e7c &lt;unknown&gt;
#16 0x713cf669ca94 &lt;unknown&gt;
#17 0x713cf6729c3c &lt;unknown&gt;
</status>
</kw>
<kw name="Input Text" owner="SeleniumLibrary">
<arg>name=num2</arg>
<arg>0</arg>
<doc>Types the given ``text`` into the text field identified by ``locator``.</doc>
<status status="NOT RUN" start="2024-10-06T15:00:20.974442" elapsed="0.000057"/>
</kw>
<kw name="Select From List By Value" owner="SeleniumLibrary">
<arg>name=operation</arg>
<arg>divide</arg>
<doc>Selects options from selection list ``locator`` by ``values``.</doc>
<status status="NOT RUN" start="2024-10-06T15:00:20.974717" elapsed="0.000054"/>
</kw>
<kw name="Click Button" owner="SeleniumLibrary">
<arg>xpath=//button[text()='Calcular']</arg>
<doc>Clicks the button identified by ``locator``.</doc>
<status status="NOT RUN" start="2024-10-06T15:00:20.974967" elapsed="0.000045"/>
</kw>
<kw name="Wait Until Page Contains Element" owner="SeleniumLibrary">
<arg>xpath=//div[contains(@class, "error")]</arg>
<arg>timeout=30</arg>
<doc>Waits until the element ``locator`` appears on the current page.</doc>
<status status="NOT RUN" start="2024-10-06T15:00:20.975202" elapsed="0.000044"/>
</kw>
<kw name="Get Text" owner="SeleniumLibrary">
<var>${erro}</var>
<arg>xpath=//div[contains(@class, "error")]</arg>
<doc>Returns the text value of the element identified by ``locator``.</doc>
<status status="NOT RUN" start="2024-10-06T15:00:20.975447" elapsed="0.000044"/>
</kw>
<kw name="Should Contain" owner="BuiltIn">
<arg>${erro}</arg>
<arg>Erro: Divisão por zero não é permitida.</arg>
<doc>Fails if ``container`` does not contain ``item`` one or more times.</doc>
<status status="NOT RUN" start="2024-10-06T15:00:20.975754" elapsed="0.000073"/>
</kw>
<kw name="Close Browser" owner="SeleniumLibrary">
<doc>Closes the current browser.</doc>
<status status="NOT RUN" start="2024-10-06T15:00:20.976127" elapsed="0.000059"/>
</kw>
<doc>Testar a funcionalidade de divisão por zero na calculadora</doc>
<status status="FAIL" start="2024-10-06T15:00:19.080913" elapsed="1.895710">NoSuchWindowException: Message: no such window: target window already closed
from unknown error: web view not found
  (Session info: chrome=129.0.6668.89)
Stacktrace:
#0 0x5d2309b5702a &lt;unknown&gt;
#1 0x5d230983d5e0 &lt;unknown&gt;
#2 0x5d23098131af &lt;unknown&gt;
#3 0x5d23098ba03d &lt;unknown&gt;
#4 0x5d23098d0629 &lt;unknown&gt;
#5 0x5d23098b18c3 &lt;unknown&gt;
#6 0x5d230987f6b3 &lt;unknown&gt;
#7 0x5d230988068e &lt;unknown&gt;
#8 0x5d2309b21a2b &lt;unknown&gt;
#9 0x5d2309b259b1 &lt;unknown&gt;
#10 0x5d2309b0e225 &lt;unknown&gt;
#11 0x5d2309b26532 &lt;unknown&gt;
#12 0x5d2309af338f &lt;unknown&gt;
#13 0x5d2309b45f28 &lt;unknown&gt;
#14 0x5d2309b460f3 &lt;unknown&gt;
#15 0x5d2309b55e7c &lt;unknown&gt;
#16 0x713cf669ca94 &lt;unknown&gt;
#17 0x713cf6729c3c &lt;unknown&gt;
</status>
</test>
<status status="FAIL" start="2024-10-06T14:59:56.537398" elapsed="24.440080"/>
</suite>
<statistics>
<total>
<stat pass="2" fail="1" skip="0">All Tests</stat>
</total>
<tag>
</tag>
<suite>
<stat pass="2" fail="1" skip="0" id="s1" name="Calculadora Tests">Calculadora Tests</stat>
</suite>
</statistics>
<errors>
<msg time="2024-10-06T14:59:56.646042" level="WARN">exexcutable_path is being deprecated. Please use service to configure the driver's executable_path as per documentation.</msg>
<msg time="2024-10-06T15:00:07.666064" level="WARN">exexcutable_path is being deprecated. Please use service to configure the driver's executable_path as per documentation.</msg>
<msg time="2024-10-06T15:00:19.083495" level="WARN">exexcutable_path is being deprecated. Please use service to configure the driver's executable_path as per documentation.</msg>
<msg time="2024-10-06T15:00:20.970817" level="WARN">Keyword 'Capture Page Screenshot' could not be run on failure: Message: no such window: target window already closed
from unknown error: web view not found
  (Session info: chrome=129.0.6668.89)
Stacktrace:
#0 0x5d2309b5702a &lt;unknown&gt;
#1 0x5d230983d5e0 &lt;unknown&gt;
#2 0x5d23098131af &lt;unknown&gt;
#3 0x5d23098ba03d &lt;unknown&gt;
#4 0x5d23098d0629 &lt;unknown&gt;
#5 0x5d23098b18c3 &lt;unknown&gt;
#6 0x5d230987f6b3 &lt;unknown&gt;
#7 0x5d230988068e &lt;unknown&gt;
#8 0x5d2309b21a2b &lt;unknown&gt;
#9 0x5d2309b259b1 &lt;unknown&gt;
#10 0x5d2309b0e225 &lt;unknown&gt;
#11 0x5d2309b26532 &lt;unknown&gt;
#12 0x5d2309af338f &lt;unknown&gt;
#13 0x5d2309b45f28 &lt;unknown&gt;
#14 0x5d2309b460f3 &lt;unknown&gt;
#15 0x5d2309b55e7c &lt;unknown&gt;
#16 0x713cf669ca94 &lt;unknown&gt;
#17 0x713cf6729c3c &lt;unknown&gt;
</msg>
</errors>
</robot>
